
404 error at 31-07-2016 23:06:59: http://localhost:5000/
404 error at 31-07-2016 23:10:09: http://localhost:5000/
404 error at 31-07-2016 23:10:51: http://localhost:5000/
505 error at 31-07-2016 23:11:29: http://localhost:5000/
404 error at 02-08-2016 00:12:31: http://localhost:5000/favicon.ico
404 error at 02-08-2016 00:12:31: http://localhost:5000/favicon.ico
505 error at 02-08-2016 00:12:36: http://localhost:5000/
505 error at 02-08-2016 00:12:44: http://localhost:5000/
505 error at 02-08-2016 00:13:41: http://localhost:5000/
505 error at 02-08-2016 00:16:19: http://localhost:5000/
505 error at 02-08-2016 00:16:31: http://localhost:5000/
505 error at 02-08-2016 00:16:39: http://localhost:5000/
404 error at 02-08-2016 00:17:52: http://localhost/this-route-does-not-exist/
505 error at 02-08-2016 00:26:20: http://localhost:5000/register/
404 error at 02-08-2016 00:32:24: http://localhost:5000/favicon.ico
404 error at 02-08-2016 00:32:24: http://localhost:5000/favicon.ico
404 error at 02-08-2016 21:00:33: http://localhost/this-route-does-not-exist/
404 error at 03-08-2016 22:53:17: http://localhost/this-route-does-not-exist/
404 error at 03-08-2016 23:16:44: http://localhost/this-route-does-not-exist/
404 error at 03-08-2016 23:17:31: http://localhost/this-route-does-not-exist/
404 error at 03-08-2016 23:19:02: http://localhost/this-route-does-not-exist/
404 error at 16-08-2016 23:04:46: http://localhost/this-route-does-not-exist/
404 error at 16-08-2016 23:28:59: http://localhost/this-route-does-not-exist/
404 error at 16-08-2016 23:30:57: http://localhost:5000/favicon.ico
505 error at 16-08-2016 23:32:11: http://localhost:5000/tasks/
505 error at 16-08-2016 23:32:12: http://localhost:5000/tasks/
505 error at 16-08-2016 23:32:12: http://localhost:5000/
505 error at 16-08-2016 23:42:11: http://localhost:5000/
505 error at 16-08-2016 23:46:44: http://localhost:5000/tasks/
505 error at 16-08-2016 23:47:46: http://localhost:5000/tasks/
505 error at 16-08-2016 23:47:46: http://localhost:5000/tasks/
404 error at 16-08-2016 23:57:07: http://localhost:5000/tasks/add
404 error at 21-08-2016 23:49:42: http://localhost/this-route-does-not-exist/
404 error at 21-08-2016 23:52:57: http://localhost/this-route-does-not-exist/
404 error at 21-08-2016 23:54:26: http://localhost/this-route-does-not-exist/
404 error at 21-08-2016 23:57:16: http://localhost/this-route-does-not-exist/
404 error at 21-08-2016 23:57:47: http://localhost/this-route-does-not-exist/